Started GET "/" for 127.0.0.1 at 2022-09-20 11:28:06 +1200
  [1m[35m (8.4ms)[0m  [1m[35mCREATE TABLE "schema_migrations" ("version" varchar NOT NULL PRIMARY KEY)[0m
  [1m[35m (10.7ms)[0m  [1m[35mCREATE TABLE "ar_internal_metadata" ("key" varchar NOT NULL PRIMARY KEY, "value" varchar, "created_at" datetime(6) NOT NULL, "updated_at" datetime(6) NOT NULL)[0m
  [1m[36mActiveRecord::SchemaMigration Pluck (0.3ms)[0m  [1m[34mSELECT "schema_migrations"."version" FROM "schema_migrations" ORDER BY "schema_migrations"."version" ASC[0m
  
ActiveRecord::PendingMigrationError (

Migrations are pending. To resolve this issue, run:

        bin/rails db:migrate RAILS_ENV=development

You have 3 pending migrations:

20220911225723_create_todos.rb
20220912013532_create_articles.rb
20220915053335_devise_create_users.rb


):
  
activerecord (7.0.4) lib/active_record/migration.rb:627:in `check_pending!'
activerecord (7.0.4) lib/active_record/migration.rb:592:in `block (2 levels) in call'
activesupport (7.0.4) lib/active_support/file_update_checker.rb:83:in `execute'
activerecord (7.0.4) lib/active_record/migration.rb:597:in `block in call'
activerecord (7.0.4) lib/active_record/migration.rb:589:in `synchronize'
activerecord (7.0.4) lib/active_record/migration.rb:589:in `call'
actionpack (7.0.4) lib/action_dispatch/middleware/callbacks.rb:27:in `block in call'
activesupport (7.0.4) lib/active_support/callbacks.rb:99:in `run_callbacks'
actionpack (7.0.4) lib/action_dispatch/middleware/callbacks.rb:26:in `call'
actionpack (7.0.4) lib/action_dispatch/middleware/executor.rb:14:in `call'
actionpack (7.0.4) lib/action_dispatch/middleware/actionable_exceptions.rb:17:in `call'
actionpack (7.0.4) lib/action_dispatch/middleware/debug_exceptions.rb:28:in `call'
web-console (4.2.0) lib/web_console/middleware.rb:132:in `call_app'
web-console (4.2.0) lib/web_console/middleware.rb:28:in `block in call'
web-console (4.2.0) lib/web_console/middleware.rb:17:in `catch'
web-console (4.2.0) lib/web_console/middleware.rb:17:in `call'
actionpack (7.0.4) lib/action_dispatch/middleware/show_exceptions.rb:26:in `call'
railties (7.0.4) lib/rails/rack/logger.rb:40:in `call_app'
railties (7.0.4) lib/rails/rack/logger.rb:25:in `block in call'
activesupport (7.0.4) lib/active_support/tagged_logging.rb:99:in `block in tagged'
activesupport (7.0.4) lib/active_support/tagged_logging.rb:37:in `tagged'
activesupport (7.0.4) lib/active_support/tagged_logging.rb:99:in `tagged'
railties (7.0.4) lib/rails/rack/logger.rb:25:in `call'
sprockets-rails (3.4.2) lib/sprockets/rails/quiet_assets.rb:13:in `call'
actionpack (7.0.4) lib/action_dispatch/middleware/remote_ip.rb:93:in `call'
actionpack (7.0.4) lib/action_dispatch/middleware/request_id.rb:26:in `call'
rack (2.2.4) lib/rack/method_override.rb:24:in `call'
rack (2.2.4) lib/rack/runtime.rb:22:in `call'
activesupport (7.0.4) lib/active_support/cache/strategy/local_cache_middleware.rb:29:in `call'
actionpack (7.0.4) lib/action_dispatch/middleware/server_timing.rb:61:in `block in call'
actionpack (7.0.4) lib/action_dispatch/middleware/server_timing.rb:26:in `collect_events'
actionpack (7.0.4) lib/action_dispatch/middleware/server_timing.rb:60:in `call'
actionpack (7.0.4) lib/action_dispatch/middleware/executor.rb:14:in `call'
actionpack (7.0.4) lib/action_dispatch/middleware/static.rb:23:in `call'
rack (2.2.4) lib/rack/sendfile.rb:110:in `call'
actionpack (7.0.4) lib/action_dispatch/middleware/host_authorization.rb:137:in `call'
railties (7.0.4) lib/rails/engine.rb:530:in `call'
puma (5.6.5) lib/puma/configuration.rb:252:in `call'
puma (5.6.5) lib/puma/request.rb:77:in `block in handle_request'
puma (5.6.5) lib/puma/thread_pool.rb:340:in `with_force_shutdown'
puma (5.6.5) lib/puma/request.rb:76:in `handle_request'
puma (5.6.5) lib/puma/server.rb:443:in `process_client'
puma (5.6.5) lib/puma/thread_pool.rb:147:in `block in spawn_thread'
  [1m[36mActiveRecord::SchemaMigration Pluck (0.2ms)[0m  [1m[34mSELECT "schema_migrations"."version" FROM "schema_migrations" ORDER BY "schema_migrations"."version" ASC[0m
Migrating to CreateTodos (20220911225723)
  [1m[36mTRANSACTION (0.0ms)[0m  [1m[36mbegin transaction[0m
  [1m[35m (2.3ms)[0m  [1m[35mCREATE TABLE "todos" ("id" integer PRIMARY KEY AUTOINCREMENT NOT NULL, "title" varchar, "description" varchar, "created_at" datetime(6) NOT NULL, "updated_at" datetime(6) NOT NULL)[0m
  [1m[36mActiveRecord::SchemaMigration Create (3.5ms)[0m  [1m[32mINSERT INTO "schema_migrations" ("version") VALUES (?)[0m  [["version", "20220911225723"]]
  [1m[36mTRANSACTION (6.7ms)[0m  [1m[36mcommit transaction[0m
Migrating to CreateArticles (20220912013532)
  [1m[36mTRANSACTION (0.2ms)[0m  [1m[36mbegin transaction[0m
  [1m[35m (4.1ms)[0m  [1m[35mCREATE TABLE "articles" ("id" integer PRIMARY KEY AUTOINCREMENT NOT NULL, "title" varchar, "body" text, "created_at" datetime(6) NOT NULL, "updated_at" datetime(6) NOT NULL)[0m
  [1m[36mActiveRecord::SchemaMigration Create (1.5ms)[0m  [1m[32mINSERT INTO "schema_migrations" ("version") VALUES (?)[0m  [["version", "20220912013532"]]
  [1m[36mTRANSACTION (4.8ms)[0m  [1m[36mcommit transaction[0m
Migrating to DeviseCreateUsers (20220915053335)
  [1m[36mTRANSACTION (0.1ms)[0m  [1m[36mbegin transaction[0m
  [1m[35m (2.4ms)[0m  [1m[35mCREATE TABLE "users" ("id" integer PRIMARY KEY AUTOINCREMENT NOT NULL, "email" varchar DEFAULT '' NOT NULL, "encrypted_password" varchar DEFAULT '' NOT NULL, "reset_password_token" varchar, "reset_password_sent_at" datetime(6), "remember_created_at" datetime(6), "created_at" datetime(6) NOT NULL, "updated_at" datetime(6) NOT NULL)[0m
  [1m[35m (0.2ms)[0m  [1m[35mCREATE UNIQUE INDEX "index_users_on_email" ON "users" ("email")[0m
  [1m[35m (0.1ms)[0m  [1m[35mCREATE UNIQUE INDEX "index_users_on_reset_password_token" ON "users" ("reset_password_token")[0m
  [1m[36mActiveRecord::SchemaMigration Create (3.4ms)[0m  [1m[32mINSERT INTO "schema_migrations" ("version") VALUES (?)[0m  [["version", "20220915053335"]]
  [1m[36mTRANSACTION (6.3ms)[0m  [1m[36mcommit transaction[0m
  [1m[36mActiveRecord::InternalMetadata Load (0.3ms)[0m  [1m[34mSELECT "ar_internal_metadata".* FROM "ar_internal_metadata" WHERE "ar_internal_metadata"."key" = ? LIMIT ?[0m  [["key", "environment"], ["LIMIT", 1]]
  [1m[36mTRANSACTION (0.0ms)[0m  [1m[36mbegin transaction[0m
  [1m[36mActiveRecord::InternalMetadata Create (3.1ms)[0m  [1m[32mINSERT INTO "ar_internal_metadata" ("key", "value", "created_at", "updated_at") VALUES (?, ?, ?, ?)[0m  [["key", "environment"], ["value", "development"], ["created_at", "2022-09-19 23:29:14.103937"], ["updated_at", "2022-09-19 23:29:14.103937"]]
  [1m[36mTRANSACTION (3.9ms)[0m  [1m[36mcommit transaction[0m
  [1m[36mActiveRecord::SchemaMigration Pluck (0.2ms)[0m  [1m[34mSELECT "schema_migrations"."version" FROM "schema_migrations" ORDER BY "schema_migrations"."version" ASC[0m
Started GET "/" for 127.0.0.1 at 2022-09-20 11:29:31 +1200
  [1m[36mActiveRecord::SchemaMigration Pluck (0.2ms)[0m  [1m[34mSELECT "schema_migrations"."version" FROM "schema_migrations" ORDER BY "schema_migrations"."version" ASC[0m
Processing by TodosController#index as HTML
Completed 401 Unauthorized in 60ms (ActiveRecord: 0.0ms | Allocations: 10189)


Started GET "/users/sign_in" for 127.0.0.1 at 2022-09-20 11:29:31 +1200
Processing by Devise::SessionsController#new as HTML
  Rendering layout layouts/application.html.erb
  Rendering C:/Ruby30-x64/lib/ruby/gems/3.0.0/gems/devise-4.8.1/app/views/devise/sessions/new.html.erb within layouts/application
  Rendered C:/Ruby30-x64/lib/ruby/gems/3.0.0/gems/devise-4.8.1/app/views/devise/shared/_links.html.erb (Duration: 2.4ms | Allocations: 918)
  Rendered C:/Ruby30-x64/lib/ruby/gems/3.0.0/gems/devise-4.8.1/app/views/devise/sessions/new.html.erb within layouts/application (Duration: 69.7ms | Allocations: 5796)
  Rendered layout layouts/application.html.erb (Duration: 1704.6ms | Allocations: 346419)
Completed 200 OK in 1782ms (Views: 1733.1ms | ActiveRecord: 1.0ms | Allocations: 368432)


Started GET "/users/sign_up" for 127.0.0.1 at 2022-09-20 11:29:37 +1200
Processing by Devise::RegistrationsController#new as HTML
  Rendering layout layouts/application.html.erb
  Rendering C:/Ruby30-x64/lib/ruby/gems/3.0.0/gems/devise-4.8.1/app/views/devise/registrations/new.html.erb within layouts/application
  Rendered C:/Ruby30-x64/lib/ruby/gems/3.0.0/gems/devise-4.8.1/app/views/devise/shared/_error_messages.html.erb (Duration: 1.5ms | Allocations: 232)
  Rendered C:/Ruby30-x64/lib/ruby/gems/3.0.0/gems/devise-4.8.1/app/views/devise/shared/_links.html.erb (Duration: 0.7ms | Allocations: 226)
  Rendered C:/Ruby30-x64/lib/ruby/gems/3.0.0/gems/devise-4.8.1/app/views/devise/registrations/new.html.erb within layouts/application (Duration: 10.9ms | Allocations: 2467)
  Rendered layout layouts/application.html.erb (Duration: 19.0ms | Allocations: 5238)
Completed 200 OK in 38ms (Views: 32.7ms | ActiveRecord: 0.0ms | Allocations: 7054)


Started POST "/users" for 127.0.0.1 at 2022-09-20 11:29:54 +1200
Processing by Devise::RegistrationsController#create as TURBO_STREAM
  Parameters: {"authenticity_token"=>"[FILTERED]", "user"=>{"email"=>"todo@gmail.com", "password"=>"[FILTERED]", "password_confirmation"=>"[FILTERED]"}, "commit"=>"Sign up"}
  [1m[36mTRANSACTION (0.1ms)[0m  [1m[36mbegin transaction[0m
  [1m[36mUser Exists? (0.2ms)[0m  [1m[34mSELECT 1 AS one FROM "users" WHERE "users"."email" = ? LIMIT ?[0m  [["email", "todo@gmail.com"], ["LIMIT", 1]]
  [1m[36mUser Create (6.7ms)[0m  [1m[32mINSERT INTO "users" ("email", "encrypted_password", "reset_password_token", "reset_password_sent_at", "remember_created_at", "created_at", "updated_at") VALUES (?, ?, ?, ?, ?, ?, ?)[0m  [["email", "todo@gmail.com"], ["encrypted_password", "[FILTERED]"], ["reset_password_token", "[FILTERED]"], ["reset_password_sent_at", "[FILTERED]"], ["remember_created_at", nil], ["created_at", "2022-09-19 23:29:54.379241"], ["updated_at", "2022-09-19 23:29:54.379241"]]
  [1m[36mTRANSACTION (10.2ms)[0m  [1m[36mcommit transaction[0m
Redirected to http://127.0.0.1:3000/
Completed 302 Found in 276ms (ActiveRecord: 17.1ms | Allocations: 12819)


Started GET "/" for 127.0.0.1 at 2022-09-20 11:29:54 +1200
Processing by TodosController#index as TURBO_STREAM
  [1m[36mUser Load (0.5ms)[0m  [1m[34mSELECT "users".* FROM "users" WHERE "users"."id" = ? ORDER BY "users"."id" ASC LIMIT ?[0m  [["id", 1], ["LIMIT", 1]]
  Rendering layout layouts/application.html.erb
  Rendering todos/index.html.erb within layouts/application
  [1m[36mTodo Load (0.8ms)[0m  [1m[34mSELECT "todos".* FROM "todos"[0m
  ↳ app/views/todos/index.html.erb:5
  Rendered todos/index.html.erb within layouts/application (Duration: 5.8ms | Allocations: 1058)
  Rendered layout layouts/application.html.erb (Duration: 15.8ms | Allocations: 3875)
Completed 200 OK in 46ms (Views: 27.0ms | ActiveRecord: 1.4ms | Allocations: 7463)


Started GET "/todos/new" for 127.0.0.1 at 2022-09-20 11:30:01 +1200
Processing by TodosController#new as HTML
  [1m[36mUser Load (0.2ms)[0m  [1m[34mSELECT "users".* FROM "users" WHERE "users"."id" = ? ORDER BY "users"."id" ASC LIMIT ?[0m  [["id", 1], ["LIMIT", 1]]
  Rendering layout layouts/application.html.erb
  Rendering todos/new.html.erb within layouts/application
  Rendered todos/new.html.erb within layouts/application (Duration: 147.3ms | Allocations: 8511)
  Rendered layout layouts/application.html.erb (Duration: 157.4ms | Allocations: 11225)
Completed 200 OK in 189ms (Views: 159.0ms | ActiveRecord: 0.9ms | Allocations: 26822)


Started POST "/todos" for 127.0.0.1 at 2022-09-20 11:30:06 +1200
Processing by TodosController#create as TURBO_STREAM
  Parameters: {"authenticity_token"=>"[FILTERED]", "todo"=>{"title"=>"new", "description"=>"new"}, "commit"=>"Create"}
  [1m[36mUser Load (0.2ms)[0m  [1m[34mSELECT "users".* FROM "users" WHERE "users"."id" = ? ORDER BY "users"."id" ASC LIMIT ?[0m  [["id", 1], ["LIMIT", 1]]
  [1m[36mTRANSACTION (0.0ms)[0m  [1m[36mbegin transaction[0m
  ↳ app/controllers/todos_controller.rb:14:in `create'
  [1m[36mTodo Create (7.6ms)[0m  [1m[32mINSERT INTO "todos" ("title", "description", "created_at", "updated_at") VALUES (?, ?, ?, ?)[0m  [["title", "new"], ["description", "new"], ["created_at", "2022-09-19 23:30:06.613517"], ["updated_at", "2022-09-19 23:30:06.613517"]]
  ↳ app/controllers/todos_controller.rb:14:in `create'
  [1m[36mTRANSACTION (7.3ms)[0m  [1m[36mcommit transaction[0m
  ↳ app/controllers/todos_controller.rb:14:in `create'
Redirected to http://127.0.0.1:3000/todos/1
Completed 302 Found in 28ms (ActiveRecord: 15.1ms | Allocations: 3958)


Started GET "/todos/1" for 127.0.0.1 at 2022-09-20 11:30:06 +1200
Processing by TodosController#show as TURBO_STREAM
  Parameters: {"id"=>"1"}
  [1m[36mUser Load (0.2ms)[0m  [1m[34mSELECT "users".* FROM "users" WHERE "users"."id" = ? ORDER BY "users"."id" ASC LIMIT ?[0m  [["id", 1], ["LIMIT", 1]]
  [1m[36mTodo Load (0.2ms)[0m  [1m[34mSELECT "todos".* FROM "todos" WHERE "todos"."id" = ? LIMIT ?[0m  [["id", 1], ["LIMIT", 1]]
  ↳ app/controllers/todos_controller.rb:8:in `show'
  Rendering layout layouts/application.html.erb
  Rendering todos/show.html.erb within layouts/application
  Rendered todos/show.html.erb within layouts/application (Duration: 2.0ms | Allocations: 237)
  Rendered layout layouts/application.html.erb (Duration: 11.2ms | Allocations: 2829)
Completed 200 OK in 22ms (Views: 14.5ms | ActiveRecord: 0.5ms | Allocations: 5843)


Started GET "/todos" for 127.0.0.1 at 2022-09-20 11:30:08 +1200
Processing by TodosController#index as HTML
  [1m[36mUser Load (0.5ms)[0m  [1m[34mSELECT "users".* FROM "users" WHERE "users"."id" = ? ORDER BY "users"."id" ASC LIMIT ?[0m  [["id", 1], ["LIMIT", 1]]
  Rendering layout layouts/application.html.erb
  Rendering todos/index.html.erb within layouts/application
  [1m[36mTodo Load (0.3ms)[0m  [1m[34mSELECT "todos".* FROM "todos"[0m
  ↳ app/views/todos/index.html.erb:5
  Rendered todos/index.html.erb within layouts/application (Duration: 5.9ms | Allocations: 752)
  Rendered layout layouts/application.html.erb (Duration: 30.3ms | Allocations: 3349)
Completed 200 OK in 46ms (Views: 31.5ms | ActiveRecord: 0.7ms | Allocations: 5123)


Started GET "/todos" for 127.0.0.1 at 2022-09-20 11:31:32 +1200
Processing by TodosController#index as HTML
  [1m[36mUser Load (0.2ms)[0m  [1m[34mSELECT "users".* FROM "users" WHERE "users"."id" = ? ORDER BY "users"."id" ASC LIMIT ?[0m  [["id", 1], ["LIMIT", 1]]
  Rendering layout layouts/application.html.erb
  Rendering todos/index.html.erb within layouts/application
  [1m[36mTodo Load (0.2ms)[0m  [1m[34mSELECT "todos".* FROM "todos"[0m
  ↳ app/views/todos/index.html.erb:5
  Rendered todos/index.html.erb within layouts/application (Duration: 8.7ms | Allocations: 1139)
  Rendered layout layouts/application.html.erb (Duration: 26.8ms | Allocations: 4198)
Completed 200 OK in 48ms (Views: 40.6ms | ActiveRecord: 0.4ms | Allocations: 6819)


Started DELETE "/users/sign_out" for 127.0.0.1 at 2022-09-20 11:31:35 +1200
Processing by Devise::SessionsController#destroy as TURBO_STREAM
  Parameters: {"authenticity_token"=>"[FILTERED]"}
  [1m[36mUser Load (0.2ms)[0m  [1m[34mSELECT "users".* FROM "users" WHERE "users"."id" = ? ORDER BY "users"."id" ASC LIMIT ?[0m  [["id", 1], ["LIMIT", 1]]
Redirected to http://127.0.0.1:3000/
Completed 302 Found in 111ms (ActiveRecord: 0.2ms | Allocations: 9476)


Started GET "/" for 127.0.0.1 at 2022-09-20 11:31:35 +1200
Processing by TodosController#index as TURBO_STREAM
Completed 401 Unauthorized in 3ms (ActiveRecord: 0.0ms | Allocations: 491)


Started GET "/users/sign_in.turbo_stream" for 127.0.0.1 at 2022-09-20 11:31:35 +1200
Processing by Devise::SessionsController#new as TURBO_STREAM
Completed 406 Not Acceptable in 4ms (ActiveRecord: 0.0ms | Allocations: 1001)


  
ActionController::UnknownFormat (ActionController::UnknownFormat):
  
responders (3.0.1) lib/action_controller/respond_with.rb:215:in `respond_with'
devise (4.8.1) app/controllers/devise/sessions_controller.rb:14:in `new'
actionpack (7.0.4) lib/action_controller/metal/basic_implicit_render.rb:6:in `send_action'
actionpack (7.0.4) lib/abstract_controller/base.rb:215:in `process_action'
actionpack (7.0.4) lib/action_controller/metal/rendering.rb:53:in `process_action'
actionpack (7.0.4) lib/abstract_controller/callbacks.rb:234:in `block in process_action'
activesupport (7.0.4) lib/active_support/callbacks.rb:118:in `block in run_callbacks'
actiontext (7.0.4) lib/action_text/rendering.rb:20:in `with_renderer'
actiontext (7.0.4) lib/action_text/engine.rb:69:in `block (4 levels) in <class:Engine>'
activesupport (7.0.4) lib/active_support/callbacks.rb:127:in `instance_exec'
activesupport (7.0.4) lib/active_support/callbacks.rb:127:in `block in run_callbacks'
activesupport (7.0.4) lib/active_support/callbacks.rb:138:in `run_callbacks'
actionpack (7.0.4) lib/abstract_controller/callbacks.rb:233:in `process_action'
actionpack (7.0.4) lib/action_controller/metal/rescue.rb:22:in `process_action'
actionpack (7.0.4) lib/action_controller/metal/instrumentation.rb:67:in `block in process_action'
activesupport (7.0.4) lib/active_support/notifications.rb:206:in `block in instrument'
activesupport (7.0.4) lib/active_support/notifications/instrumenter.rb:24:in `instrument'
activesupport (7.0.4) lib/active_support/notifications.rb:206:in `instrument'
actionpack (7.0.4) lib/action_controller/metal/instrumentation.rb:66:in `process_action'
actionpack (7.0.4) lib/action_controller/metal/params_wrapper.rb:259:in `process_action'
activerecord (7.0.4) lib/active_record/railties/controller_runtime.rb:27:in `process_action'
actionpack (7.0.4) lib/abstract_controller/base.rb:151:in `process'
actionview (7.0.4) lib/action_view/rendering.rb:39:in `process'
actionpack (7.0.4) lib/action_controller/metal.rb:188:in `dispatch'
actionpack (7.0.4) lib/action_controller/metal.rb:251:in `dispatch'
actionpack (7.0.4) lib/action_dispatch/routing/route_set.rb:49:in `dispatch'
actionpack (7.0.4) lib/action_dispatch/routing/route_set.rb:32:in `serve'
actionpack (7.0.4) lib/action_dispatch/routing/mapper.rb:18:in `block in <class:Constraints>'
actionpack (7.0.4) lib/action_dispatch/routing/mapper.rb:48:in `serve'
actionpack (7.0.4) lib/action_dispatch/journey/router.rb:50:in `block in serve'
actionpack (7.0.4) lib/action_dispatch/journey/router.rb:32:in `each'
actionpack (7.0.4) lib/action_dispatch/journey/router.rb:32:in `serve'
actionpack (7.0.4) lib/action_dispatch/routing/route_set.rb:852:in `call'
warden (1.2.9) lib/warden/manager.rb:36:in `block in call'
warden (1.2.9) lib/warden/manager.rb:34:in `catch'
warden (1.2.9) lib/warden/manager.rb:34:in `call'
rack (2.2.4) lib/rack/tempfile_reaper.rb:15:in `call'
rack (2.2.4) lib/rack/etag.rb:27:in `call'
rack (2.2.4) lib/rack/conditional_get.rb:27:in `call'
rack (2.2.4) lib/rack/head.rb:12:in `call'
actionpack (7.0.4) lib/action_dispatch/http/permissions_policy.rb:38:in `call'
actionpack (7.0.4) lib/action_dispatch/http/content_security_policy.rb:36:in `call'
rack (2.2.4) lib/rack/session/abstract/id.rb:266:in `context'
rack (2.2.4) lib/rack/session/abstract/id.rb:260:in `call'
actionpack (7.0.4) lib/action_dispatch/middleware/cookies.rb:696:in `call'
activerecord (7.0.4) lib/active_record/migration.rb:603:in `call'
actionpack (7.0.4) lib/action_dispatch/middleware/callbacks.rb:27:in `block in call'
activesupport (7.0.4) lib/active_support/callbacks.rb:99:in `run_callbacks'
actionpack (7.0.4) lib/action_dispatch/middleware/callbacks.rb:26:in `call'
actionpack (7.0.4) lib/action_dispatch/middleware/executor.rb:14:in `call'
actionpack (7.0.4) lib/action_dispatch/middleware/actionable_exceptions.rb:17:in `call'
actionpack (7.0.4) lib/action_dispatch/middleware/debug_exceptions.rb:28:in `call'
web-console (4.2.0) lib/web_console/middleware.rb:132:in `call_app'
web-console (4.2.0) lib/web_console/middleware.rb:28:in `block in call'
web-console (4.2.0) lib/web_console/middleware.rb:17:in `catch'
web-console (4.2.0) lib/web_console/middleware.rb:17:in `call'
actionpack (7.0.4) lib/action_dispatch/middleware/show_exceptions.rb:26:in `call'
railties (7.0.4) lib/rails/rack/logger.rb:40:in `call_app'
railties (7.0.4) lib/rails/rack/logger.rb:25:in `block in call'
activesupport (7.0.4) lib/active_support/tagged_logging.rb:99:in `block in tagged'
activesupport (7.0.4) lib/active_support/tagged_logging.rb:37:in `tagged'
activesupport (7.0.4) lib/active_support/tagged_logging.rb:99:in `tagged'
railties (7.0.4) lib/rails/rack/logger.rb:25:in `call'
sprockets-rails (3.4.2) lib/sprockets/rails/quiet_assets.rb:13:in `call'
actionpack (7.0.4) lib/action_dispatch/middleware/remote_ip.rb:93:in `call'
actionpack (7.0.4) lib/action_dispatch/middleware/request_id.rb:26:in `call'
rack (2.2.4) lib/rack/method_override.rb:24:in `call'
rack (2.2.4) lib/rack/runtime.rb:22:in `call'
activesupport (7.0.4) lib/active_support/cache/strategy/local_cache_middleware.rb:29:in `call'
actionpack (7.0.4) lib/action_dispatch/middleware/server_timing.rb:61:in `block in call'
actionpack (7.0.4) lib/action_dispatch/middleware/server_timing.rb:26:in `collect_events'
actionpack (7.0.4) lib/action_dispatch/middleware/server_timing.rb:60:in `call'
actionpack (7.0.4) lib/action_dispatch/middleware/executor.rb:14:in `call'
actionpack (7.0.4) lib/action_dispatch/middleware/static.rb:23:in `call'
rack (2.2.4) lib/rack/sendfile.rb:110:in `call'
actionpack (7.0.4) lib/action_dispatch/middleware/host_authorization.rb:137:in `call'
railties (7.0.4) lib/rails/engine.rb:530:in `call'
puma (5.6.5) lib/puma/configuration.rb:252:in `call'
puma (5.6.5) lib/puma/request.rb:77:in `block in handle_request'
puma (5.6.5) lib/puma/thread_pool.rb:340:in `with_force_shutdown'
puma (5.6.5) lib/puma/request.rb:76:in `handle_request'
puma (5.6.5) lib/puma/server.rb:443:in `process_client'
puma (5.6.5) lib/puma/thread_pool.rb:147:in `block in spawn_thread'
Started GET "/todos" for 127.0.0.1 at 2022-09-20 11:31:35 +1200
Processing by TodosController#index as HTML
Completed 401 Unauthorized in 4ms (ActiveRecord: 0.0ms | Allocations: 498)


Started GET "/users/sign_in" for 127.0.0.1 at 2022-09-20 11:31:35 +1200
Processing by Devise::SessionsController#new as HTML
  Rendering layout layouts/application.html.erb
  Rendering devise/sessions/new.html.erb within layouts/application
  Rendered devise/shared/_links.html.erb (Duration: 1.1ms | Allocations: 583)
  Rendered devise/sessions/new.html.erb within layouts/application (Duration: 5.0ms | Allocations: 2067)
  Rendered layout layouts/application.html.erb (Duration: 11.7ms | Allocations: 4843)
Completed 200 OK in 33ms (Views: 28.6ms | ActiveRecord: 0.0ms | Allocations: 6489)


Started GET "/users/sign_in" for 127.0.0.1 at 2022-09-20 11:31:37 +1200
Processing by Devise::SessionsController#new as HTML
  Rendering layout layouts/application.html.erb
  Rendering devise/sessions/new.html.erb within layouts/application
  Rendered devise/shared/_links.html.erb (Duration: 0.1ms | Allocations: 138)
  Rendered devise/sessions/new.html.erb within layouts/application (Duration: 1.2ms | Allocations: 992)
  Rendered layout layouts/application.html.erb (Duration: 7.6ms | Allocations: 3567)
Completed 200 OK in 12ms (Views: 8.5ms | ActiveRecord: 0.0ms | Allocations: 4519)


Started GET "/users/sign_in" for 127.0.0.1 at 2022-09-20 11:31:38 +1200
Processing by Devise::SessionsController#new as HTML
  Rendering layout layouts/application.html.erb
  Rendering devise/sessions/new.html.erb within layouts/application
  Rendered devise/shared/_links.html.erb (Duration: 0.1ms | Allocations: 138)
  Rendered devise/sessions/new.html.erb within layouts/application (Duration: 1.3ms | Allocations: 992)
  Rendered layout layouts/application.html.erb (Duration: 7.8ms | Allocations: 3567)
Completed 200 OK in 12ms (Views: 8.7ms | ActiveRecord: 0.0ms | Allocations: 4437)


Started POST "/gasp/users/sign_in" for 127.0.0.1 at 2022-09-20 11:53:52 +1200
  
ActionController::RoutingError (No route matches [POST] "/gasp/users/sign_in"):
  
Started GET "/gasp/users/sign_in" for 127.0.0.1 at 2022-09-20 11:53:55 +1200
  
ActionController::RoutingError (No route matches [GET] "/gasp/users/sign_in"):
  
Started GET "/gasp/" for 127.0.0.1 at 2022-09-20 11:54:06 +1200
  
ActionController::RoutingError (No route matches [GET] "/gasp"):
  
Started GET "/" for 127.0.0.1 at 2022-09-20 11:54:14 +1200
Processing by TodosController#index as HTML
Completed 401 Unauthorized in 4ms (Allocations: 481)


Started GET "/users/sign_in" for 127.0.0.1 at 2022-09-20 11:54:14 +1200
Processing by Devise::SessionsController#new as HTML
  Rendering layout layouts/application.html.erb
  Rendering devise/sessions/new.html.erb within layouts/application
  Rendered devise/shared/_links.html.erb (Duration: 2.2ms | Allocations: 574)
  Rendered devise/sessions/new.html.erb within layouts/application (Duration: 8.5ms | Allocations: 2305)
  Rendered layout layouts/application.html.erb (Duration: 18.0ms | Allocations: 5327)
Completed 200 OK in 45ms (Views: 40.8ms | Allocations: 7130)


Started POST "/users/sign_in" for 127.0.0.1 at 2022-09-20 11:54:16 +1200
Processing by Devise::SessionsController#create as TURBO_STREAM
  Parameters: {"authenticity_token"=>"[FILTERED]", "user"=>{"email"=>"todo@gmail.com", "password"=>"[FILTERED]", "remember_me"=>"0"}, "commit"=>"Log in"}
  [1m[36mUser Load (0.2ms)[0m  [1m[34mSELECT "users".* FROM "users" WHERE "users"."email" = ? ORDER BY "users"."id" ASC LIMIT ?[0m  [["email", "todo@gmail.com"], ["LIMIT", 1]]
Redirected to http://127.0.0.1:3000/
Completed 302 Found in 191ms (ActiveRecord: 0.6ms | Allocations: 3861)


Started GET "/" for 127.0.0.1 at 2022-09-20 11:54:17 +1200
Processing by TodosController#index as TURBO_STREAM
  [1m[36mUser Load (0.3ms)[0m  [1m[34mSELECT "users".* FROM "users" WHERE "users"."id" = ? ORDER BY "users"."id" ASC LIMIT ?[0m  [["id", 1], ["LIMIT", 1]]
  Rendering layout layouts/application.html.erb
  Rendering todos/index.html.erb within layouts/application
  [1m[36mTodo Load (0.3ms)[0m  [1m[34mSELECT "todos".* FROM "todos"[0m
  ↳ app/views/todos/index.html.erb:5
  Rendered todos/index.html.erb within layouts/application (Duration: 3.6ms | Allocations: 1166)
  Rendered layout layouts/application.html.erb (Duration: 13.0ms | Allocations: 3986)
Completed 200 OK in 29ms (Views: 22.3ms | ActiveRecord: 0.6ms | Allocations: 6537)


Started GET "/admin" for 127.0.0.1 at 2022-09-21 09:27:16 +1200
  [1m[36mActiveRecord::SchemaMigration Pluck (0.2ms)[0m  [1m[34mSELECT "schema_migrations"."version" FROM "schema_migrations" ORDER BY "schema_migrations"."version" ASC[0m
Processing by RailsAdmin::MainController#dashboard as HTML
Completed 401 Unauthorized in 38ms (ActiveRecord: 0.0ms | Allocations: 3507)


Started GET "/users/sign_in" for 127.0.0.1 at 2022-09-21 09:27:16 +1200
Processing by Devise::SessionsController#new as HTML
  Rendering layout layouts/application.html.erb
  Rendering devise/sessions/new.html.erb within layouts/application
  Rendered devise/shared/_links.html.erb (Duration: 5.0ms | Allocations: 918)
  Rendered devise/sessions/new.html.erb within layouts/application (Duration: 25.0ms | Allocations: 4972)
  Rendered layout layouts/application.html.erb (Duration: 325.2ms | Allocations: 81419)
Completed 200 OK in 409ms (Views: 354.8ms | ActiveRecord: 1.0ms | Allocations: 103019)


Started POST "/users/sign_in" for 127.0.0.1 at 2022-09-21 09:27:19 +1200
Processing by Devise::SessionsController#create as TURBO_STREAM
  Parameters: {"authenticity_token"=>"[FILTERED]", "user"=>{"email"=>"gasp@gmail.com", "password"=>"[FILTERED]", "remember_me"=>"0"}, "commit"=>"Log in"}
  [1m[36mUser Load (0.5ms)[0m  [1m[34mSELECT "users".* FROM "users" WHERE "users"."email" = ? ORDER BY "users"."id" ASC LIMIT ?[0m  [["email", "gasp@gmail.com"], ["LIMIT", 1]]
Completed 401 Unauthorized in 12ms (ActiveRecord: 0.5ms | Allocations: 4222)


Processing by Devise::SessionsController#new as TURBO_STREAM
  Parameters: {"authenticity_token"=>"[FILTERED]", "user"=>{"email"=>"gasp@gmail.com", "password"=>"[FILTERED]", "remember_me"=>"0"}, "commit"=>"Log in"}
  Rendering layout layouts/application.html.erb
  Rendering devise/sessions/new.html.erb within layouts/application
  Rendered devise/shared/_links.html.erb (Duration: 0.1ms | Allocations: 140)
  Rendered devise/sessions/new.html.erb within layouts/application (Duration: 1.8ms | Allocations: 1390)
  Rendered layout layouts/application.html.erb (Duration: 17.1ms | Allocations: 4081)
Completed 200 OK in 200ms (Views: 18.6ms | ActiveRecord: 0.0ms | Allocations: 6068)


Started POST "/users/sign_in" for 127.0.0.1 at 2022-09-21 09:27:26 +1200
Processing by Devise::SessionsController#create as TURBO_STREAM
  Parameters: {"authenticity_token"=>"[FILTERED]", "user"=>{"email"=>"todo@gmail.com", "password"=>"[FILTERED]", "remember_me"=>"0"}, "commit"=>"Log in"}
  [1m[36mUser Load (2.2ms)[0m  [1m[34mSELECT "users".* FROM "users" WHERE "users"."email" = ? ORDER BY "users"."id" ASC LIMIT ?[0m  [["email", "todo@gmail.com"], ["LIMIT", 1]]
Redirected to http://127.0.0.1:3000/admin/
Completed 302 Found in 212ms (ActiveRecord: 2.2ms | Allocations: 4121)


Started GET "/admin/" for 127.0.0.1 at 2022-09-21 09:27:26 +1200
Processing by RailsAdmin::MainController#dashboard as TURBO_STREAM
  [1m[36mUser Load (0.3ms)[0m  [1m[34mSELECT "users".* FROM "users" WHERE "users"."id" = ? ORDER BY "users"."id" ASC LIMIT ?[0m  [["id", 1], ["LIMIT", 1]]
  ↳ config/initializers/rails_admin.rb:8:in `block (2 levels) in <main>'
  [1m[36mArticle Count (0.2ms)[0m  [1m[34mSELECT COUNT(*) FROM "articles"[0m
  [1m[36mArticle Load (0.2ms)[0m  [1m[34mSELECT "articles".* FROM "articles" ORDER BY "articles"."id" DESC LIMIT ?[0m  [["LIMIT", 1]]
  [1m[36mTodo Count (0.1ms)[0m  [1m[34mSELECT COUNT(*) FROM "todos"[0m
  [1m[36mTodo Load (0.2ms)[0m  [1m[34mSELECT "todos".* FROM "todos" ORDER BY "todos"."id" DESC LIMIT ?[0m  [["LIMIT", 1]]
  [1m[36mUser Count (0.9ms)[0m  [1m[34mSELECT COUNT(*) FROM "users"[0m
  [1m[36mUser Load (2.4ms)[0m  [1m[34mSELECT "users".* FROM "users" ORDER BY "users"."id" DESC LIMIT ?[0m  [["LIMIT", 1]]
  Rendering layout C:/Ruby30-x64/lib/ruby/gems/3.0.0/gems/rails_admin-3.0.0/app/views/layouts/rails_admin/application.html.erb
  Rendering C:/Ruby30-x64/lib/ruby/gems/3.0.0/gems/rails_admin-3.0.0/app/views/rails_admin/main/dashboard.html.erb within layouts/rails_admin/application
  Rendered C:/Ruby30-x64/lib/ruby/gems/3.0.0/gems/rails_admin-3.0.0/app/views/rails_admin/main/dashboard.html.erb within layouts/rails_admin/application (Duration: 6.7ms | Allocations: 6763)
  Rendered C:/Ruby30-x64/lib/ruby/gems/3.0.0/gems/rails_admin-3.0.0/app/views/layouts/rails_admin/_head.html.erb (Duration: 76.8ms | Allocations: 24266)
  Rendered C:/Ruby30-x64/lib/ruby/gems/3.0.0/gems/rails_admin-3.0.0/app/views/layouts/rails_admin/_secondary_navigation.html.erb (Duration: 10.2ms | Allocations: 1575)
  Rendered C:/Ruby30-x64/lib/ruby/gems/3.0.0/gems/rails_admin-3.0.0/app/views/layouts/rails_admin/_navigation.html.erb (Duration: 19.0ms | Allocations: 2049)
  Rendered C:/Ruby30-x64/lib/ruby/gems/3.0.0/gems/rails_admin-3.0.0/app/views/layouts/rails_admin/_sidebar_navigation.html.erb (Duration: 1.9ms | Allocations: 1216)
  Rendering C:/Ruby30-x64/lib/ruby/gems/3.0.0/gems/rails_admin-3.0.0/app/views/layouts/rails_admin/content.html.erb
  Rendered C:/Ruby30-x64/lib/ruby/gems/3.0.0/gems/rails_admin-3.0.0/app/views/layouts/rails_admin/content.html.erb (Duration: 3.1ms | Allocations: 1000)
  Rendered layout C:/Ruby30-x64/lib/ruby/gems/3.0.0/gems/rails_admin-3.0.0/app/views/layouts/rails_admin/application.html.erb (Duration: 130.2ms | Allocations: 36444)
Completed 200 OK in 1073ms (Views: 147.3ms | ActiveRecord: 7.5ms | Allocations: 196916)


Started GET "/admin/" for 127.0.0.1 at 2022-09-21 09:27:27 +1200
Processing by RailsAdmin::MainController#dashboard as HTML
  [1m[36mUser Load (0.3ms)[0m  [1m[34mSELECT "users".* FROM "users" WHERE "users"."id" = ? ORDER BY "users"."id" ASC LIMIT ?[0m  [["id", 1], ["LIMIT", 1]]
  ↳ config/initializers/rails_admin.rb:8:in `block (2 levels) in <main>'
  [1m[36mArticle Count (0.4ms)[0m  [1m[34mSELECT COUNT(*) FROM "articles"[0m
  [1m[36mArticle Load (0.3ms)[0m  [1m[34mSELECT "articles".* FROM "articles" ORDER BY "articles"."id" DESC LIMIT ?[0m  [["LIMIT", 1]]
  [1m[36mTodo Count (0.5ms)[0m  [1m[34mSELECT COUNT(*) FROM "todos"[0m
  [1m[36mTodo Load (1.3ms)[0m  [1m[34mSELECT "todos".* FROM "todos" ORDER BY "todos"."id" DESC LIMIT ?[0m  [["LIMIT", 1]]
  [1m[36mUser Count (0.3ms)[0m  [1m[34mSELECT COUNT(*) FROM "users"[0m
  [1m[36mUser Load (0.6ms)[0m  [1m[34mSELECT "users".* FROM "users" ORDER BY "users"."id" DESC LIMIT ?[0m  [["LIMIT", 1]]
  Rendering layout C:/Ruby30-x64/lib/ruby/gems/3.0.0/gems/rails_admin-3.0.0/app/views/layouts/rails_admin/application.html.erb
  Rendering C:/Ruby30-x64/lib/ruby/gems/3.0.0/gems/rails_admin-3.0.0/app/views/rails_admin/main/dashboard.html.erb within layouts/rails_admin/application
  Rendered C:/Ruby30-x64/lib/ruby/gems/3.0.0/gems/rails_admin-3.0.0/app/views/rails_admin/main/dashboard.html.erb within layouts/rails_admin/application (Duration: 4.3ms | Allocations: 5308)
  Rendered C:/Ruby30-x64/lib/ruby/gems/3.0.0/gems/rails_admin-3.0.0/app/views/layouts/rails_admin/_head.html.erb (Duration: 109.1ms | Allocations: 31405)
  Rendered C:/Ruby30-x64/lib/ruby/gems/3.0.0/gems/rails_admin-3.0.0/app/views/layouts/rails_admin/_secondary_navigation.html.erb (Duration: 0.9ms | Allocations: 805)
  Rendered C:/Ruby30-x64/lib/ruby/gems/3.0.0/gems/rails_admin-3.0.0/app/views/layouts/rails_admin/_navigation.html.erb (Duration: 1.4ms | Allocations: 961)
  Rendered C:/Ruby30-x64/lib/ruby/gems/3.0.0/gems/rails_admin-3.0.0/app/views/layouts/rails_admin/_sidebar_navigation.html.erb (Duration: 0.7ms | Allocations: 1005)
  Rendering C:/Ruby30-x64/lib/ruby/gems/3.0.0/gems/rails_admin-3.0.0/app/views/layouts/rails_admin/content.html.erb
  Rendered C:/Ruby30-x64/lib/ruby/gems/3.0.0/gems/rails_admin-3.0.0/app/views/layouts/rails_admin/content.html.erb (Duration: 0.9ms | Allocations: 644)
  Rendered layout C:/Ruby30-x64/lib/ruby/gems/3.0.0/gems/rails_admin-3.0.0/app/views/layouts/rails_admin/application.html.erb (Duration: 120.2ms | Allocations: 39868)
Completed 200 OK in 147ms (Views: 122.7ms | ActiveRecord: 3.7ms | Allocations: 48697)


Started GET "/admin/" for 127.0.0.1 at 2022-09-21 09:37:06 +1200
Processing by RailsAdmin::MainController#dashboard as HTML
  [1m[36mUser Load (0.3ms)[0m  [1m[34mSELECT "users".* FROM "users" WHERE "users"."id" = ? ORDER BY "users"."id" ASC LIMIT ?[0m  [["id", 1], ["LIMIT", 1]]
  ↳ config/initializers/rails_admin.rb:8:in `block (2 levels) in <main>'
  [1m[36mArticle Count (0.3ms)[0m  [1m[34mSELECT COUNT(*) FROM "articles"[0m
  [1m[36mArticle Load (0.2ms)[0m  [1m[34mSELECT "articles".* FROM "articles" ORDER BY "articles"."id" DESC LIMIT ?[0m  [["LIMIT", 1]]
  [1m[36mTodo Count (0.2ms)[0m  [1m[34mSELECT COUNT(*) FROM "todos"[0m
  [1m[36mTodo Load (0.2ms)[0m  [1m[34mSELECT "todos".* FROM "todos" ORDER BY "todos"."id" DESC LIMIT ?[0m  [["LIMIT", 1]]
  [1m[36mUser Count (0.2ms)[0m  [1m[34mSELECT COUNT(*) FROM "users"[0m
  [1m[36mUser Load (0.2ms)[0m  [1m[34mSELECT "users".* FROM "users" ORDER BY "users"."id" DESC LIMIT ?[0m  [["LIMIT", 1]]
  Rendering layout C:/Ruby30-x64/lib/ruby/gems/3.0.0/gems/rails_admin-3.0.0/app/views/layouts/rails_admin/application.html.erb
  Rendering C:/Ruby30-x64/lib/ruby/gems/3.0.0/gems/rails_admin-3.0.0/app/views/rails_admin/main/dashboard.html.erb within layouts/rails_admin/application
  Rendered C:/Ruby30-x64/lib/ruby/gems/3.0.0/gems/rails_admin-3.0.0/app/views/rails_admin/main/dashboard.html.erb within layouts/rails_admin/application (Duration: 5.3ms | Allocations: 6478)
  Rendered C:/Ruby30-x64/lib/ruby/gems/3.0.0/gems/rails_admin-3.0.0/app/views/layouts/rails_admin/_head.html.erb (Duration: 62.3ms | Allocations: 24247)
  Rendered C:/Ruby30-x64/lib/ruby/gems/3.0.0/gems/rails_admin-3.0.0/app/views/layouts/rails_admin/_secondary_navigation.html.erb (Duration: 1.8ms | Allocations: 1303)
  Rendered C:/Ruby30-x64/lib/ruby/gems/3.0.0/gems/rails_admin-3.0.0/app/views/layouts/rails_admin/_navigation.html.erb (Duration: 5.7ms | Allocations: 1756)
  Rendered C:/Ruby30-x64/lib/ruby/gems/3.0.0/gems/rails_admin-3.0.0/app/views/layouts/rails_admin/_sidebar_navigation.html.erb (Duration: 1.4ms | Allocations: 1194)
  Rendering C:/Ruby30-x64/lib/ruby/gems/3.0.0/gems/rails_admin-3.0.0/app/views/layouts/rails_admin/content.html.erb
  Rendered C:/Ruby30-x64/lib/ruby/gems/3.0.0/gems/rails_admin-3.0.0/app/views/layouts/rails_admin/content.html.erb (Duration: 1.4ms | Allocations: 970)
  Rendered layout C:/Ruby30-x64/lib/ruby/gems/3.0.0/gems/rails_admin-3.0.0/app/views/layouts/rails_admin/application.html.erb (Duration: 91.0ms | Allocations: 35716)
Completed 200 OK in 306ms (Views: 103.6ms | ActiveRecord: 1.8ms | Allocations: 122689)


Started GET "/" for 127.0.0.1 at 2022-09-21 09:37:12 +1200
Processing by TodosController#index as HTML
  [1m[36mUser Load (0.2ms)[0m  [1m[34mSELECT "users".* FROM "users" WHERE "users"."id" = ? ORDER BY "users"."id" ASC LIMIT ?[0m  [["id", 1], ["LIMIT", 1]]
  Rendering layout layouts/application.html.erb
  Rendering todos/index.html.erb within layouts/application
  [1m[36mTodo Load (0.3ms)[0m  [1m[34mSELECT "todos".* FROM "todos"[0m
  ↳ app/views/todos/index.html.erb:5
  Rendered todos/index.html.erb within layouts/application (Duration: 7.1ms | Allocations: 5555)
  Rendered layout layouts/application.html.erb (Duration: 8.2ms | Allocations: 5635)
Completed 500 Internal Server Error in 29ms (ActiveRecord: 0.5ms | Allocations: 8409)


  
ActionView::Template::Error (undefined method `can?' for #<ActionView::Base:0x00000000015ef0>):
    10:     </li>
    11: <% end %>
    12: 
    13: <% if can? :read, @post %>
    14:   <%= link_to "View", @post %>
    15: <% else %>
    16:  <div class="two">you don't have permission</div>
  
app/views/todos/index.html.erb:13
Started GET "/" for 127.0.0.1 at 2022-09-21 09:38:58 +1200
Processing by TodosController#index as HTML
  [1m[36mUser Load (0.2ms)[0m  [1m[34mSELECT "users".* FROM "users" WHERE "users"."id" = ? ORDER BY "users"."id" ASC LIMIT ?[0m  [["id", 1], ["LIMIT", 1]]
  Rendering layout layouts/application.html.erb
  Rendering todos/index.html.erb within layouts/application
  [1m[36mTodo Load (0.2ms)[0m  [1m[34mSELECT "todos".* FROM "todos"[0m
  ↳ app/views/todos/index.html.erb:5
  Rendered todos/index.html.erb within layouts/application (Duration: 2.3ms | Allocations: 1212)
  Rendered layout layouts/application.html.erb (Duration: 36.7ms | Allocations: 20732)
Completed 200 OK in 52ms (Views: 45.2ms | ActiveRecord: 0.4ms | Allocations: 23483)


Started GET "/" for 127.0.0.1 at 2022-09-21 09:39:08 +1200
Processing by TodosController#index as HTML
  [1m[36mUser Load (0.2ms)[0m  [1m[34mSELECT "users".* FROM "users" WHERE "users"."id" = ? ORDER BY "users"."id" ASC LIMIT ?[0m  [["id", 1], ["LIMIT", 1]]
Completed 500 Internal Server Error in 18ms (ActiveRecord: 1.2ms | Allocations: 8307)


  
Zeitwerk::NameError (expected file C:/Users/lsimpkin/Liam Simpkin/todo_app/app/models/todo.rb to define constant Todo, but didn't):
  
app/controllers/todos_controller.rb:5:in `index'
Started GET "/" for 127.0.0.1 at 2022-09-21 09:39:14 +1200
Processing by TodosController#index as HTML
  [1m[36mUser Load (0.2ms)[0m  [1m[34mSELECT "users".* FROM "users" WHERE "users"."id" = ? ORDER BY "users"."id" ASC LIMIT ?[0m  [["id", 1], ["LIMIT", 1]]
  Rendering layout layouts/application.html.erb
  Rendering todos/index.html.erb within layouts/application
  [1m[36mTodo Load (0.3ms)[0m  [1m[34mSELECT "todos".* FROM "todos"[0m
  ↳ app/views/todos/index.html.erb:5
  Rendered todos/index.html.erb within layouts/application (Duration: 3.6ms | Allocations: 2532)
  Rendered layout layouts/application.html.erb (Duration: 36.3ms | Allocations: 21805)
Completed 200 OK in 60ms (Views: 37.4ms | ActiveRecord: 2.2ms | Allocations: 30855)


Started GET "/" for 127.0.0.1 at 2022-09-21 09:39:27 +1200
Processing by TodosController#index as HTML
  [1m[36mUser Load (0.2ms)[0m  [1m[34mSELECT "users".* FROM "users" WHERE "users"."id" = ? ORDER BY "users"."id" ASC LIMIT ?[0m  [["id", 1], ["LIMIT", 1]]
  Rendering layout layouts/application.html.erb
  Rendering todos/index.html.erb within layouts/application
  [1m[36mTodo Load (0.2ms)[0m  [1m[34mSELECT "todos".* FROM "todos"[0m
  ↳ app/views/todos/index.html.erb:5
  Rendered todos/index.html.erb within layouts/application (Duration: 4.7ms | Allocations: 5358)
  Rendered layout layouts/application.html.erb (Duration: 5.4ms | Allocations: 5437)
Completed 500 Internal Server Error in 20ms (ActiveRecord: 0.4ms | Allocations: 8092)


  
ActionView::Template::Error (undefined method `can?' for #<ActionView::Base:0x00000000020a80>):
    10:     </li>
    11: <% end %>
    12: 
    13: <% if can? :read, @todos %>
    14:   <%= link_to "View", @todos %>
    15: <% else %>
    16:  <div class="two">you don't have permission</div>
  
app/views/todos/index.html.erb:13
Started GET "/" for 127.0.0.1 at 2022-09-21 16:35:02 +1200
  [1m[36mActiveRecord::SchemaMigration Pluck (1.1ms)[0m  [1m[34mSELECT "schema_migrations"."version" FROM "schema_migrations" ORDER BY "schema_migrations"."version" ASC[0m
Processing by TodosController#index as HTML
  [1m[36mUser Load (0.5ms)[0m  [1m[34mSELECT "users".* FROM "users" WHERE "users"."id" = ? ORDER BY "users"."id" ASC LIMIT ?[0m  [["id", 1], ["LIMIT", 1]]
  Rendering layout layouts/application.html.erb
  Rendering todos/index.html.erb within layouts/application
  [1m[36mTodo Load (0.3ms)[0m  [1m[34mSELECT "todos".* FROM "todos"[0m
  ↳ app/views/todos/index.html.erb:5
  Rendered todos/index.html.erb within layouts/application (Duration: 101.7ms | Allocations: 18940)
  Rendered layout layouts/application.html.erb (Duration: 102.9ms | Allocations: 19044)
Completed 500 Internal Server Error in 274ms (ActiveRecord: 2.4ms | Allocations: 49828)


  
ActionView::Template::Error (uninitialized constant Ability::Post):
    10:     </li>
    11: <% end %>
    12: 
    13: <% if can? :read, @todos %>
    14:   <%= link_to "View", @todos %>
    15: <% else %>
    16:  <div class="two">you don't have permission</div>
  
app/models/ability.rb:38:in `initialize'
app/views/todos/index.html.erb:13
Started GET "/" for 127.0.0.1 at 2022-09-21 16:36:19 +1200
